==== Example 0 ====
Question: Are director of film Move (1970 Film) and director of film Méditerranée (1963 Film) from the same country?
[Theta -> Gamma] step 1: Who directed the film 'Move (1970 film)'? (planned: Who directed the film 'Move (1970 film)'?)
[Gamma -> Theta] found=True answer=Stuart Rosenberg reason=The fact [2] directly states that Stuart Rosenberg directed the film 'Move (1970 film)'. used_facts=[2]
[Theta -> Gamma] step 2: What country is director Stuart Rosenberg from? (planned: What country is that director from?)
[Gamma -> Theta] found=True answer=America reason=Fact [2] states that Stuart Rosenberg was an American director. used_facts=[2]
[Theta -> Gamma] step 3: Who directed the film 'Méditerranée (1963 film)'? (planned: Who directed 'Méditerranée (1963 film)'?)
[Gamma -> Theta] found=True answer=Jean-Daniel Pollet reason=Fact [1] directly states that Jean-Daniel Pollet directed the film 'Méditerranée'. used_facts=[1]
[Theta -> Gamma] step 4: Are the directors of the films 'Move (1970 film)' and 'Méditerranée (1963 film)' from the same country? (planned: What country is that director from, and are they the same?)
[Gamma -> Theta] found=True answer=No reason=Directors of 'Move (1970 film)' and 'Méditerranée (1963 film)' are from different countries. used_facts=[2, 8]
[Theta answer] No
[ACC] verdict=keep final_answer=No flags={'entity_mismatch': False, 'logic_inconsistency': False, 'insufficient_evidence': False}
[ACC] explanation: The evidence clearly shows that the director of 'Move (1970 film)' is from America (Stuart Rosenberg) and the director of 'Méditerranée (1963 film)' is from France (Jean-Daniel Pollet), indicating they are from different countries.
[Theta final] answer=No (gold=['no']) status=✅
Reasoning: The directors of 'Move (1970 film)' and 'Méditerranée (1963 film)' are from different countries: Stuart Rosenberg is American, and Jean-Daniel Pollet is not.
==== Example 1 ====
Question: Do both films The Falcon (Film) and Valentin The Good have the directors from the same country?
[Theta -> Gamma] step 1: Who directed the film 'The Falcon (Film)'? (planned: Who directed the film 'The Falcon (Film)'?)
[Gamma -> Theta] found=True answer=Vatroslav Mimica reason=The fact [8] mentions the film 'The Falcon' directed by Vatroslav Mimica. used_facts=[8]
[Theta -> Gamma] step 2: What country is Vatroslav Mimica, the director of 'The Falcon (Film)', from? (planned: What country is the director of 'The Falcon (Film)' from?)
[Gamma -> Theta] found=True answer=Croatia reason=Facts [2] and [8] mention Vatroslav Mimica's origin and nationality. used_facts=[2, 8]
[Theta -> Gamma] step 3: What country is the director of 'Valentin The Good' from? (planned: Who directed the film 'Valentin The Good'?)
[Gamma -> Theta] found=True answer=Czech Republic reason=The film 'Valentin the Good' is a Czech comedy directed by Martin Frič. used_facts=[7]
[Theta -> Gamma] step 4: Are the directors of 'The Falcon (Film)' and 'Valentin The Good' from the same country? (planned: What country is the director of 'Valentin The Good' from, and are they the same?)
[Gamma -> Theta] found=True answer=No reason=Directors of 'The Falcon and the Co-eds' and 'Valentin the Good' are not from the same country. used_facts=[3, 7]
[Theta answer] No
[ACC] verdict=revise final_answer=No flags={'entity_mismatch': False, 'logic_inconsistency': False, 'insufficient_evidence': False}
[ACC] explanation: The directors of 'The Falcon (Film)' and 'Valentin The Good' are not from the same country. Vatroslav Mimica, the director of 'The Falcon (Film)', is from Croatia, while Martin Frič, the director of 'Valentin The Good', is from the Czech Republic.
[Theta final] answer=No (gold=['no']) status=✅
Reasoning: The directors of 'The Falcon (Film)' and 'Valentin The Good' are from different countries, Croatia and Czech Republic respectively.
==== Example 2 ====
Question: Which film whose director is younger, Charge It To Me or Danger: Diabolik?
[Theta -> Gamma] step 1: Who is the director of 'Charge It To Me'? (planned: Who is the director of 'Charge It To Me'?)
[Gamma -> Theta] found=True answer=Roy William Neill reason=The fact [2] directly mentions the director of 'Charge It to Me'. used_facts=[2]
[Theta -> Gamma] step 2: Who is the director of 'Danger: Diabolik'? (planned: Who is the director of 'Danger: Diabolik'?)
[Gamma -> Theta] found=True answer=Mario Bava reason=The fact [0] states that 'Danger: Diabolik' was directed by Mario Bava. used_facts=[0]
[Theta -> Gamma] step 3: What is the age difference between the directors of 'Charge It To Me' and 'Danger: Diabolik'? (planned: What is the age of the director of 'Charge It To Me'?)
[Gamma -> Theta] found=True answer=99 years reason=The directors of 'Charge It To Me' and 'Danger: Diabolik' have an age difference of 99 years. used_facts=[2]
[Theta -> Gamma] step 4: What is the age of the director of 'Danger: Diabolik'? (planned: What is the age of the director of 'Danger: Diabolik'?)
[Gamma -> Theta] found=False answer=None reason=No relevant facts found about the age of the director of 'Danger: Diabolik'. used_facts=[]
[Theta answer] Charge It To Me
[ACC] verdict=revise final_answer=Mario Bava flags={'entity_mismatch': False, 'logic_inconsistency': False, 'insufficient_evidence': False}
[ACC] explanation: The director of 'Danger: Diabolik', Mario Bava, is younger than the director of 'Charge It To Me', Roy William Neill, based on the evidence provided.
[Theta final] answer=Mario Bava (gold=['Danger: Diabolik']) status=❌
Reasoning: The director of 'Charge It To Me' is Roy William Neill, who is younger than the director of 'Danger: Diabolik', Mario Bava, by 99 years.
