==== Example 0 ====
Question: When was the institute that owned The Collegian founded?
[Theta -> Gamma] step 1: What is the name of the organization that owned The Collegian? (planned: What is the name of the organization that owned The Collegian?)
[Gamma -> Theta] found=True answer=Houston Baptist University reason=The Collegian is the official student publication of Houston Baptist University. used_facts=[5]
[Theta -> Gamma] step 2: When was Houston Baptist University founded? (planned: When was the organization founded?)
[Gamma -> Theta] found=True answer=1960 reason=Houston Baptist University was founded in 1960, as mentioned in Fact [9]. used_facts=[9]
[Schema] comparative=False keywords=[] summary=No obvious comparative keywords detected. / Step 1: answer='Houston Baptist University', years=[1963, 1990]. / Step 2: answer='1960', years=[1960].
[Theta answer] 1960
[ACC] verdict=None final_answer=1960 flags={'entity_mismatch': False, 'logic_inconsistency': False, 'insufficient_evidence': False} revised=no-op
[ACC] explanation: The institute that owned The Collegian, Houston Baptist University, was founded in 1960, as per the evidence provided.
[Theta final] answer=1960 (gold=['1960']) status=✅
Reasoning: The institute that owned The Collegian, Houston Baptist University, was founded in 1960 according to Fact [9].
==== Example 1 ====
Question: What year saw the creation of the region where the county of Hertfordshire is located?
[Theta -> Gamma] step 1: What is the region where Hertfordshire is located? (planned: What is the region where Hertfordshire is located?)
[Gamma -> Theta] found=True answer=East of England reason=Facts [3] and [6] mention Hertfordshire's location in the East of England region. used_facts=[3, 6]
[Theta -> Gamma] step 2: When was the East of England region created? (planned: When was this region created?)
[Gamma -> Theta] found=True answer=1994 reason=Fact [10] explicitly states the creation year of the East of England region. used_facts=[10]
[Schema] comparative=False keywords=[] summary=No obvious comparative keywords detected. / Step 1: answer='East of England', years=[2011]. / Step 2: answer='1994', years=[1994, 1999].
[Theta answer] 1994
[ACC] verdict=None final_answer=1994 flags={'entity_mismatch': False, 'logic_inconsistency': False, 'insufficient_evidence': False} revised=no-op
[ACC] explanation: The East of England region, where the county of Hertfordshire is located, was created in 1994 according to the evidence provided.
[Theta final] answer=1994 (gold=['1994']) status=✅
Reasoning: Hertfordshire is located in the East of England region, which was created in 1994 according to Fact [10].
